Build started 8/3/2016 10:36:06 PM.
     1>Project "C:\Users\Erik\Desktop\Bomberman\Bomberman.vcxproj" on node 2 (Build target(s)).
     1>ClCompile:
         C:\Program Files (x86)\Microsoft Visual Studio 11.0\VC\bin\CL.exe /c /ZI /nologo /W3 /WX- /Od /Oy- /D _MBCS /Gm /EHsc /RTC1 /MDd /GS /fp:precise /Zc:wchar_t /Zc:forScope /Fo"Debug\\" /Fd"Debug\vc110.pdb" /Gd /TP /analyze- /errorReport:prompt main.cpp
         main.cpp
     1>c:\users\erik\desktop\bomberman\map.hpp(25): warning C4309: 'initializing' : truncation of constant value
     1>c:\users\erik\desktop\bomberman\main.cpp(111): warning C4018: '<' : signed/unsigned mismatch
     1>c:\users\erik\desktop\bomberman\main.cpp(181): warning C4018: '<' : signed/unsigned mismatch
     1>c:\users\erik\desktop\bomberman\main.cpp(195): warning C4018: '<' : signed/unsigned mismatch
     1>c:\users\erik\desktop\bomberman\main.cpp(212): warning C4244: 'argument' : conversion from 'time_t' to 'unsigned int', possible loss of data
     1>c:\users\erik\desktop\bomberman\main.cpp(214): warning C4244: 'argument' : conversion from 'time_t' to 'unsigned int', possible loss of data
     1>c:\users\erik\desktop\bomberman\main.cpp(408): warning C4018: '<' : signed/unsigned mismatch
       Link:
         C:\Program Files (x86)\Microsoft Visual Studio 11.0\VC\bin\link.exe /ERRORREPORT:PROMPT /OUT:"C:\Users\Erik\Desktop\Bomberman\Debug\Bomberman.exe" /INCREMENTAL /NOLOGO kernel32.lib user32.lib gdi32.lib winspool.lib comdlg32.lib advapi32.lib shell32.lib ole32.lib oleaut32.lib uuid.lib odbc32.lib odbccp32.lib /MANIFEST /MANIFESTUAC:"level='asInvoker' uiAccess='false'" /manifest:embed /DEBUG /PDB:"C:\Users\Erik\Desktop\Bomberman\Debug\Bomberman.pdb" /TLBID:1 /DYNAMICBASE /NXCOMPAT /IMPLIB:"C:\Users\Erik\Desktop\Bomberman\Debug\Bomberman.lib" /MACHINE:X86 Debug\Bomb.obj
         Debug\main.obj
         Debug\Man.obj
         Debug\Map.obj
         Bomberman.vcxproj -> C:\Users\Erik\Desktop\Bomberman\Debug\Bomberman.exe
     1>Done Building Project "C:\Users\Erik\Desktop\Bomberman\Bomberman.vcxproj" (Build target(s)).

Build succeeded.

Time Elapsed 00:00:01.84
